2020-12-13 15:02:27,541 - instabot version: 0.117.0 (bot) - INFO - Instabot version: 0.117.0 Started
2020-12-13 15:02:27,541 - instabot version: 0.117.0 (bot) - DEBUG - Bot imported from C:\Users\Student\AppData\Local\Programs\Python\Python39\lib\site-packages\instabot\bot\bot.py
2020-12-13 15:02:27,547 - instabot version: 0.117.0 (api_login) - DEBUG - Loading cookies
2020-12-13 15:02:27,547 - instabot version: 0.117.0 (api_login) - DEBUG - Loading uuids
2020-12-13 15:02:27,547 - instabot version: 0.117.0 (api_login) - INFO - Recovery from C:\Users\Student\animemes bot/config/reddit_animemes_uuid_and_cookie.json: COOKIE True - UUIDs True - TIMING, DEVICE and ...
- user-agent=Instagram 117.0.0.28.123 Android (28/9.0; 420dpi; 1080x1920; OnePlus; ONEPLUS A3003; OnePlus3; qcom; en_US; 180322800)
- phone_id=9118a52d-8920-4403-a149-b80f17a6476b
- uuid=ffe10acf-dcef-476c-a79a-dccdcbe1367f
- client_session_id=8ed3ef82-907d-4ace-a53a-2110c7af18d6
- device_id=android-d4ae830ddc4f9ec7
2020-12-13 15:02:27,548 - instabot version: 0.117.0 (api_login) - INFO - LOGIN FLOW! Just logged-in: False
2020-12-13 15:02:29,612 - instabot version: 0.117.0 (api) - DEBUG - POST to endpoint: feed/timeline/ returned response: <Response [200]>
2020-12-13 15:02:29,793 - instabot version: 0.117.0 (api) - DEBUG - POST to endpoint: feed/reels_tray/ returned response: <Response [200]>
2020-12-13 15:02:29,795 - instabot version: 0.117.0 (api) - INFO - Logged-in successfully as 'reddit_animemes'!
2020-12-13 15:02:29,796 - instabot version: 0.117.0 (bot_checkpoint) - DEBUG - Loading Checkpoint file from: C:\Users\Student\animemes bot/config/reddit_animemes.checkpoint
2020-12-13 15:02:54,307 - instabot version: 0.117.0 (api) - DEBUG - POST to endpoint: media/configure/? returned response: <Response [200]>
2020-12-13 15:02:54,430 - instabot version: 0.117.0 (api) - DEBUG - POST to endpoint: qe/expose/ returned response: <Response [200]>
2020-12-13 15:02:54,431 - instabot version: 0.117.0 (bot_photo) - INFO - Photo '1.jpg' is uploaded.
2020-12-13 15:03:14,798 - instabot version: 0.117.0 (api) - DEBUG - POST to endpoint: media/configure/? returned response: <Response [200]>
2020-12-13 15:03:14,995 - instabot version: 0.117.0 (api) - DEBUG - POST to endpoint: qe/expose/ returned response: <Response [200]>
2020-12-13 15:03:14,997 - instabot version: 0.117.0 (bot_photo) - INFO - Photo '2.jpg' is uploaded.
2020-12-13 15:03:16,662 - instabot version: 0.117.0 (api_photo) - ERROR - Photo does not have a compatible photo aspect ratio.
2020-12-13 15:03:16,662 - instabot version: 0.117.0 (bot_photo) - INFO - Photo '3.jpg' is not uploaded.
2020-12-13 15:03:38,340 - instabot version: 0.117.0 (api) - DEBUG - POST to endpoint: media/configure/? returned response: <Response [200]>
2020-12-13 15:03:38,445 - instabot version: 0.117.0 (api) - DEBUG - POST to endpoint: qe/expose/ returned response: <Response [200]>
2020-12-13 15:03:38,447 - instabot version: 0.117.0 (bot_photo) - INFO - Photo '4.jpg' is uploaded.
2020-12-13 15:03:41,205 - instabot version: 0.117.0 (api_photo) - ERROR - Photo Upload failed with the following response: <Response [400]>
2020-12-13 15:03:41,206 - instabot version: 0.117.0 (bot_photo) - INFO - Photo '5.jpg' is not uploaded.
2020-12-13 15:03:42,188 - instabot version: 0.117.0 (api_photo) - ERROR - Photo does not have a compatible photo aspect ratio.
2020-12-13 15:03:42,188 - instabot version: 0.117.0 (bot_photo) - INFO - Photo '6.jpg' is not uploaded.
2020-12-13 15:04:03,334 - instabot version: 0.117.0 (api) - DEBUG - POST to endpoint: media/configure/? returned response: <Response [200]>
2020-12-13 15:04:03,434 - instabot version: 0.117.0 (api) - DEBUG - POST to endpoint: qe/expose/ returned response: <Response [200]>
2020-12-13 15:04:03,435 - instabot version: 0.117.0 (bot_photo) - INFO - Photo '7.jpg' is uploaded.
2020-12-13 15:04:23,381 - instabot version: 0.117.0 (api) - DEBUG - POST to endpoint: media/configure/? returned response: <Response [200]>
2020-12-13 15:04:23,493 - instabot version: 0.117.0 (api) - DEBUG - POST to endpoint: qe/expose/ returned response: <Response [200]>
2020-12-13 15:04:23,495 - instabot version: 0.117.0 (bot_photo) - INFO - Photo '8.jpg' is uploaded.
2020-12-13 15:04:45,301 - instabot version: 0.117.0 (api) - DEBUG - POST to endpoint: media/configure/? returned response: <Response [200]>
2020-12-13 15:04:45,633 - instabot version: 0.117.0 (api) - DEBUG - POST to endpoint: qe/expose/ returned response: <Response [200]>
2020-12-13 15:04:45,634 - instabot version: 0.117.0 (bot_photo) - INFO - Photo '9.jpg' is uploaded.
2020-12-13 15:04:45,637 - instabot version: 0.117.0 (bot_checkpoint) - DEBUG - Saving Checkpoint file to: C:\Users\Student\animemes bot/config/reddit_animemes.checkpoint
2020-12-13 15:04:45,637 - instabot version: 0.117.0 (bot) - INFO - Total requests: 43
