2020-12-13 20:10:04,324 - instabot version: 0.117.0 (bot) - INFO - Instabot version: 0.117.0 Started
2020-12-13 20:10:04,324 - instabot version: 0.117.0 (bot) - DEBUG - Bot imported from C:\Users\Student\AppData\Local\Programs\Python\Python39\lib\site-packages\instabot\bot\bot.py
2020-12-13 20:10:04,324 - instabot version: 0.117.0 (api_login) - DEBUG - Loading cookies
2020-12-13 20:10:04,324 - instabot version: 0.117.0 (api_login) - DEBUG - Loading uuids
2020-12-13 20:10:04,324 - instabot version: 0.117.0 (api_login) - INFO - Recovery from C:\Users\Student\animemes bot/config/reddit_animemes_uuid_and_cookie.json: COOKIE True - UUIDs True - TIMING, DEVICE and ...
- user-agent=Instagram 117.0.0.28.123 Android (28/9.0; 420dpi; 1080x1920; OnePlus; ONEPLUS A3003; OnePlus3; qcom; en_US; 180322800)
- phone_id=9118a52d-8920-4403-a149-b80f17a6476b
- uuid=ffe10acf-dcef-476c-a79a-dccdcbe1367f
- client_session_id=9befc4b3-ee21-4c71-9eb3-56d6b6ff784e
- device_id=android-d4ae830ddc4f9ec7
2020-12-13 20:10:04,324 - instabot version: 0.117.0 (api_login) - INFO - LOGIN FLOW! Just logged-in: False
2020-12-13 20:10:05,612 - instabot version: 0.117.0 (api) - DEBUG - POST to endpoint: feed/timeline/ returned response: <Response [200]>
2020-12-13 20:10:05,859 - instabot version: 0.117.0 (api) - DEBUG - POST to endpoint: feed/reels_tray/ returned response: <Response [200]>
2020-12-13 20:10:05,998 - instabot version: 0.117.0 (api) - DEBUG - POST to endpoint: direct_v2/ranked_recipients/ returned response: <Response [200]>
2020-12-13 20:10:06,098 - instabot version: 0.117.0 (api) - DEBUG - POST to endpoint: direct_v2/ranked_recipients/ returned response: <Response [200]>
2020-12-13 20:10:06,231 - instabot version: 0.117.0 (api) - DEBUG - POST to endpoint: direct_v2/inbox/ returned response: <Response [200]>
2020-12-13 20:10:06,345 - instabot version: 0.117.0 (api) - DEBUG - GET to endpoint: direct_v2/get_presence/ returned response: <Response [200]>
2020-12-13 20:10:07,000 - instabot version: 0.117.0 (api) - DEBUG - GET to endpoint: news/inbox/?limited_activity=true&show_su=true returned response: <Response [200]>
2020-12-13 20:10:07,332 - instabot version: 0.117.0 (api) - DEBUG - GET to endpoint: users/profile_notice/ returned response: <Response [200]>
2020-12-13 20:10:07,633 - instabot version: 0.117.0 (api) - DEBUG - POST to endpoint: discover/explore/ returned response: <Response [200]>
2020-12-13 20:10:07,633 - instabot version: 0.117.0 (api) - INFO - Logged-in successfully as 'reddit_animemes'!
2020-12-13 20:10:07,633 - instabot version: 0.117.0 (bot_checkpoint) - DEBUG - Loading Checkpoint file from: C:\Users\Student\animemes bot/config/reddit_animemes.checkpoint
2020-12-13 20:10:29,285 - instabot version: 0.117.0 (api) - DEBUG - POST to endpoint: media/configure/? returned response: <Response [200]>
2020-12-13 20:10:29,385 - instabot version: 0.117.0 (api) - DEBUG - POST to endpoint: qe/expose/ returned response: <Response [200]>
2020-12-13 20:10:29,385 - instabot version: 0.117.0 (bot_photo) - INFO - Photo '14.jpg' is uploaded.
2020-12-13 20:10:29,385 - instabot version: 0.117.0 (bot_checkpoint) - DEBUG - Saving Checkpoint file to: C:\Users\Student\animemes bot/config/reddit_animemes.checkpoint
2020-12-13 20:10:29,385 - instabot version: 0.117.0 (bot) - INFO - Total requests: 47
