2020-12-15 11:59:33,695 - instabot version: 0.117.0 (bot) - INFO - Instabot version: 0.117.0 Started
2020-12-15 11:59:33,695 - instabot version: 0.117.0 (bot) - DEBUG - Bot imported from C:\Users\Student\AppData\Local\Programs\Python\Python39\lib\site-packages\instabot\bot\bot.py
2020-12-15 11:59:33,702 - instabot version: 0.117.0 (api_login) - DEBUG - Loading cookies
2020-12-15 11:59:33,710 - instabot version: 0.117.0 (api_login) - DEBUG - Loading uuids
2020-12-15 11:59:33,710 - instabot version: 0.117.0 (api_login) - INFO - Recovery from C:\Users\Student\animemes bot/config/reddit_animemes_uuid_and_cookie.json: COOKIE True - UUIDs True - TIMING, DEVICE and ...
- user-agent=Instagram 117.0.0.28.123 Android (28/9.0; 420dpi; 1080x1920; OnePlus; ONEPLUS A3003; OnePlus3; qcom; en_US; 180322800)
- phone_id=9118a52d-8920-4403-a149-b80f17a6476b
- uuid=ffe10acf-dcef-476c-a79a-dccdcbe1367f
- client_session_id=8a30fb70-82b4-46ac-a931-6070955af422
- device_id=android-d4ae830ddc4f9ec7
2020-12-15 11:59:33,710 - instabot version: 0.117.0 (api_login) - INFO - LOGIN FLOW! Just logged-in: False
2020-12-15 11:59:34,917 - instabot version: 0.117.0 (api) - DEBUG - POST to endpoint: feed/timeline/ returned response: <Response [200]>
2020-12-15 11:59:35,223 - instabot version: 0.117.0 (api) - DEBUG - POST to endpoint: feed/reels_tray/ returned response: <Response [200]>
2020-12-15 11:59:35,223 - instabot version: 0.117.0 (api) - INFO - Logged-in successfully as 'reddit_animemes'!
2020-12-15 11:59:35,230 - instabot version: 0.117.0 (bot_checkpoint) - DEBUG - Loading Checkpoint file from: C:\Users\Student\animemes bot/config/reddit_animemes.checkpoint
2020-12-15 12:00:12,595 - instabot version: 0.117.0 (api) - DEBUG - POST to endpoint: media/configure/? returned response: <Response [200]>
2020-12-15 12:00:12,758 - instabot version: 0.117.0 (api) - DEBUG - POST to endpoint: qe/expose/ returned response: <Response [200]>
2020-12-15 12:00:12,758 - instabot version: 0.117.0 (bot_photo) - INFO - Photo 'kdj1kv.jpg' is uploaded.
2020-12-15 12:00:32,802 - instabot version: 0.117.0 (api) - DEBUG - POST to endpoint: media/configure/? returned response: <Response [200]>
2020-12-15 12:00:32,918 - instabot version: 0.117.0 (api) - DEBUG - POST to endpoint: qe/expose/ returned response: <Response [200]>
2020-12-15 12:00:32,929 - instabot version: 0.117.0 (bot_photo) - INFO - Photo 'kdif4d.jpg' is uploaded.
2020-12-15 12:00:34,992 - instabot version: 0.117.0 (api_photo) - ERROR - Photo does not have a compatible photo aspect ratio.
2020-12-15 12:00:34,992 - instabot version: 0.117.0 (bot_photo) - INFO - Photo 'kdgs99.jpg' is not uploaded.
2020-12-15 12:00:55,876 - instabot version: 0.117.0 (api) - DEBUG - POST to endpoint: media/configure/? returned response: <Response [200]>
2020-12-15 12:00:55,991 - instabot version: 0.117.0 (api) - DEBUG - POST to endpoint: qe/expose/ returned response: <Response [200]>
2020-12-15 12:00:55,991 - instabot version: 0.117.0 (bot_photo) - INFO - Photo 'kdhfgc.jpg' is uploaded.
2020-12-15 12:01:18,552 - instabot version: 0.117.0 (api) - DEBUG - POST to endpoint: media/configure/? returned response: <Response [200]>
2020-12-15 12:01:18,672 - instabot version: 0.117.0 (api) - DEBUG - POST to endpoint: qe/expose/ returned response: <Response [200]>
2020-12-15 12:01:18,672 - instabot version: 0.117.0 (bot_photo) - INFO - Photo 'kdkn6n.jpg' is uploaded.
2020-12-15 12:01:21,640 - instabot version: 0.117.0 (api_photo) - ERROR - Photo Upload failed with the following response: <Response [400]>
2020-12-15 12:01:21,640 - instabot version: 0.117.0 (bot_photo) - INFO - Photo 'kdjf9t.jpg' is not uploaded.
2020-12-15 12:01:41,600 - instabot version: 0.117.0 (api) - DEBUG - POST to endpoint: media/configure/? returned response: <Response [200]>
2020-12-15 12:01:41,708 - instabot version: 0.117.0 (api) - DEBUG - POST to endpoint: qe/expose/ returned response: <Response [200]>
2020-12-15 12:01:41,725 - instabot version: 0.117.0 (bot_photo) - INFO - Photo 'kdf4o5.jpg' is uploaded.
2020-12-15 12:01:43,211 - instabot version: 0.117.0 (api_photo) - ERROR - Photo does not have a compatible photo aspect ratio.
2020-12-15 12:01:43,211 - instabot version: 0.117.0 (bot_photo) - INFO - Photo 'kd9gc8.jpg' is not uploaded.
2020-12-15 12:02:03,904 - instabot version: 0.117.0 (api) - DEBUG - POST to endpoint: media/configure/? returned response: <Response [200]>
2020-12-15 12:02:04,047 - instabot version: 0.117.0 (api) - DEBUG - POST to endpoint: qe/expose/ returned response: <Response [200]>
2020-12-15 12:02:04,051 - instabot version: 0.117.0 (bot_photo) - INFO - Photo 'kdibr3.jpg' is uploaded.
2020-12-15 12:02:04,051 - instabot version: 0.117.0 (bot_checkpoint) - DEBUG - Saving Checkpoint file to: C:\Users\Student\animemes bot/config/reddit_animemes.checkpoint
2020-12-15 12:02:04,059 - instabot version: 0.117.0 (bot) - INFO - Total requests: 90
