2020-12-14 08:38:21,428 - instabot version: 0.117.0 (bot) - INFO - Instabot version: 0.117.0 Started
2020-12-14 08:38:21,428 - instabot version: 0.117.0 (bot) - DEBUG - Bot imported from C:\Users\Student\AppData\Local\Programs\Python\Python39\lib\site-packages\instabot\bot\bot.py
2020-12-14 08:38:21,428 - instabot version: 0.117.0 (api_login) - DEBUG - Loading cookies
2020-12-14 08:38:21,428 - instabot version: 0.117.0 (api_login) - DEBUG - Loading uuids
2020-12-14 08:38:21,428 - instabot version: 0.117.0 (api_login) - INFO - Recovery from C:\Users\Student\animemes bot/config/reddit_animemes_uuid_and_cookie.json: COOKIE True - UUIDs True - TIMING, DEVICE and ...
- user-agent=Instagram 117.0.0.28.123 Android (28/9.0; 420dpi; 1080x1920; OnePlus; ONEPLUS A3003; OnePlus3; qcom; en_US; 180322800)
- phone_id=9118a52d-8920-4403-a149-b80f17a6476b
- uuid=ffe10acf-dcef-476c-a79a-dccdcbe1367f
- client_session_id=9186dfb9-525f-4bd9-aa2a-7fad957bfca0
- device_id=android-d4ae830ddc4f9ec7
2020-12-14 08:38:21,428 - instabot version: 0.117.0 (api_login) - INFO - LOGIN FLOW! Just logged-in: False
2020-12-14 08:38:22,417 - instabot version: 0.117.0 (api) - DEBUG - POST to endpoint: feed/timeline/ returned response: <Response [200]>
2020-12-14 08:38:22,649 - instabot version: 0.117.0 (api) - DEBUG - POST to endpoint: feed/reels_tray/ returned response: <Response [200]>
2020-12-14 08:38:22,649 - instabot version: 0.117.0 (api) - INFO - Logged-in successfully as 'reddit_animemes'!
2020-12-14 08:38:22,649 - instabot version: 0.117.0 (bot_checkpoint) - DEBUG - Loading Checkpoint file from: C:\Users\Student\animemes bot/config/reddit_animemes.checkpoint
2020-12-14 08:38:28,875 - instabot version: 0.117.0 (api_photo) - ERROR - Photo does not have a compatible photo aspect ratio.
2020-12-14 08:38:28,875 - instabot version: 0.117.0 (bot_photo) - INFO - Photo '20.jpg' is not uploaded.
2020-12-14 08:38:51,317 - instabot version: 0.117.0 (api) - DEBUG - POST to endpoint: media/configure/? returned response: <Response [200]>
2020-12-14 08:38:51,688 - instabot version: 0.117.0 (api) - DEBUG - POST to endpoint: qe/expose/ returned response: <Response [200]>
2020-12-14 08:38:51,689 - instabot version: 0.117.0 (bot_photo) - INFO - Photo '21.jpg' is uploaded.
2020-12-14 08:39:13,306 - instabot version: 0.117.0 (api) - DEBUG - POST to endpoint: media/configure/? returned response: <Response [200]>
2020-12-14 08:39:13,407 - instabot version: 0.117.0 (api) - DEBUG - POST to endpoint: qe/expose/ returned response: <Response [200]>
2020-12-14 08:39:13,407 - instabot version: 0.117.0 (bot_photo) - INFO - Photo '23.jpg' is uploaded.
2020-12-14 08:39:14,990 - instabot version: 0.117.0 (bot_checkpoint) - DEBUG - Saving Checkpoint file to: C:\Users\Student\animemes bot/config/reddit_animemes.checkpoint
2020-12-14 08:39:14,990 - instabot version: 0.117.0 (bot) - INFO - Total requests: 55
