2020-12-15 10:06:30,680 - instabot version: 0.117.0 (bot) - INFO - Instabot version: 0.117.0 Started
2020-12-15 10:06:30,680 - instabot version: 0.117.0 (bot) - DEBUG - Bot imported from C:\Users\Student\AppData\Local\Programs\Python\Python39\lib\site-packages\instabot\bot\bot.py
2020-12-15 10:06:30,684 - instabot version: 0.117.0 (api_login) - DEBUG - Loading cookies
2020-12-15 10:06:30,684 - instabot version: 0.117.0 (api_login) - DEBUG - Loading uuids
2020-12-15 10:06:30,684 - instabot version: 0.117.0 (api_login) - INFO - Recovery from C:\Users\Student\animemes bot/config/reddit_animemes_uuid_and_cookie.json: COOKIE True - UUIDs True - TIMING, DEVICE and ...
- user-agent=Instagram 117.0.0.28.123 Android (28/9.0; 420dpi; 1080x1920; OnePlus; ONEPLUS A3003; OnePlus3; qcom; en_US; 180322800)
- phone_id=9118a52d-8920-4403-a149-b80f17a6476b
- uuid=ffe10acf-dcef-476c-a79a-dccdcbe1367f
- client_session_id=de4c01e7-bef1-4e11-a42e-c33545314a48
- device_id=android-d4ae830ddc4f9ec7
2020-12-15 10:06:30,691 - instabot version: 0.117.0 (api_login) - INFO - LOGIN FLOW! Just logged-in: False
2020-12-15 10:06:35,583 - instabot version: 0.117.0 (api) - DEBUG - POST to endpoint: feed/timeline/ returned response: <Response [200]>
2020-12-15 10:06:36,086 - instabot version: 0.117.0 (api) - DEBUG - POST to endpoint: feed/reels_tray/ returned response: <Response [200]>
2020-12-15 10:06:36,710 - instabot version: 0.117.0 (api) - DEBUG - POST to endpoint: direct_v2/ranked_recipients/ returned response: <Response [200]>
2020-12-15 10:06:36,893 - instabot version: 0.117.0 (api) - DEBUG - POST to endpoint: direct_v2/ranked_recipients/ returned response: <Response [200]>
2020-12-15 10:06:37,193 - instabot version: 0.117.0 (api) - DEBUG - POST to endpoint: direct_v2/inbox/ returned response: <Response [200]>
2020-12-15 10:06:37,327 - instabot version: 0.117.0 (api) - DEBUG - GET to endpoint: direct_v2/get_presence/ returned response: <Response [200]>
2020-12-15 10:06:38,119 - instabot version: 0.117.0 (api) - DEBUG - GET to endpoint: news/inbox/?limited_activity=true&show_su=true returned response: <Response [200]>
2020-12-15 10:06:38,236 - instabot version: 0.117.0 (api) - DEBUG - GET to endpoint: users/profile_notice/ returned response: <Response [200]>
2020-12-15 10:06:39,659 - instabot version: 0.117.0 (api) - DEBUG - POST to endpoint: discover/explore/ returned response: <Response [200]>
2020-12-15 10:06:39,660 - instabot version: 0.117.0 (api) - INFO - Logged-in successfully as 'reddit_animemes'!
2020-12-15 10:06:39,660 - instabot version: 0.117.0 (bot_checkpoint) - DEBUG - Loading Checkpoint file from: C:\Users\Student\animemes bot/config/reddit_animemes.checkpoint
2020-12-15 10:07:16,964 - instabot version: 0.117.0 (api) - DEBUG - POST to endpoint: media/configure/? returned response: <Response [200]>
2020-12-15 10:07:17,118 - instabot version: 0.117.0 (api) - DEBUG - POST to endpoint: qe/expose/ returned response: <Response [200]>
2020-12-15 10:07:17,120 - instabot version: 0.117.0 (bot_photo) - INFO - Photo '39.jpg' is uploaded.
2020-12-15 10:07:39,994 - instabot version: 0.117.0 (api) - DEBUG - POST to endpoint: media/configure/? returned response: <Response [200]>
2020-12-15 10:07:40,155 - instabot version: 0.117.0 (api) - DEBUG - POST to endpoint: qe/expose/ returned response: <Response [200]>
2020-12-15 10:07:40,155 - instabot version: 0.117.0 (bot_photo) - INFO - Photo '40.jpg' is uploaded.
2020-12-15 10:07:43,559 - instabot version: 0.117.0 (api_photo) - ERROR - Photo does not have a compatible photo aspect ratio.
2020-12-15 10:07:43,560 - instabot version: 0.117.0 (bot_photo) - INFO - Photo '41.jpg' is not uploaded.
2020-12-15 10:08:06,088 - instabot version: 0.117.0 (api) - DEBUG - POST to endpoint: media/configure/? returned response: <Response [200]>
2020-12-15 10:08:06,402 - instabot version: 0.117.0 (api) - DEBUG - POST to endpoint: qe/expose/ returned response: <Response [200]>
2020-12-15 10:08:06,402 - instabot version: 0.117.0 (bot_photo) - INFO - Photo '42.jpg' is uploaded.
2020-12-15 10:08:10,102 - instabot version: 0.117.0 (bot_checkpoint) - DEBUG - Saving Checkpoint file to: C:\Users\Student\animemes bot/config/reddit_animemes.checkpoint
2020-12-15 10:08:10,103 - instabot version: 0.117.0 (bot) - INFO - Total requests: 71
